Tue Feb 27 14:21:28 CET 2024
Running injection number: 14
------------------------------------------------
Arguments script:
outdir: /scratch-local/twouters2.5374512
load_existing_config: True
N: 14
SNR_threshold: 12
waveform_approximant: TaylorF2_NoTidal
relative_binning_binsize: 500
relative_binning_ref_params_equal_true_params: True
save_training_chains: False
eps_mass_matrix: 1e-06
smart_initial_guess: False
use_scheduler: True
stopping_criterion_global_acc: 0.2
n_loop_training: 400
n_loop_production: 50
n_local_steps_training: 5
n_global_steps_training: 400
n_local_steps_production: 5
n_global_steps_production: 400
n_epochs: 50
n_chains: 1000
learning_rate: 0.001
max_samples: 50000
momentum: 0.9
batch_size: 50000
use_global: True
logging: True
keep_quantile: 0.0
local_autotune: None
train_thinning: 10
output_thinning: 30
n_sample_max: 10000
precompile: False
verbose: False
num_layers: 10
hidden_size: [128, 128]
num_bins: 8
which_local_sampler: MALA
no_noise: False
which_distance_prior: powerlaw
------------------------------------------------
Starting main code
Using polynomial learning rate scheduler
Saving output to /scratch-local/twouters2.5374512
The SNR threshold parameter is set to 12
Loading existing config, path: /scratch-local/twouters2.5374512/injection_14/config.json
Injecting signals . . .
The injected parameters are {'M_c': 1.9568677619484602, 'eta': 0.24893417710751992, 's1_z': 0.009735110398633173, 's2_z': 0.048980590878307986, 'd_L': 126.18218167071768, 't_c': -0.023603896693900103, 'phase_c': 3.238585218011449, 'iota': 2.640861949418257, 'psi': 0.5161579022094159, 'ra': 5.978101120559757, 'dec': -0.01944744929956209}
Signal injected
H1 SNR: 20.470170146862063
L1 SNR: 16.40007825874363
V1 SNR: 20.569589832824963
Network SNR: 33.333143545502196
Saving network SNR
Saving injected signal as Numpy arrays for H1
Saving injected signal as Numpy arrays for L1
Saving injected signal as Numpy arrays for V1
Start prior setup
INFO: Using powerlaw distance prior
Saving prior bounds
Finished prior setup
Initializing likelihood
Using the true parameters as reference parameters for the relative binning
Initializing heterodyned likelihood..
Finding reference parameters..
Using provided reference parameters
Constructing reference waveforms..
Using MALA as the local sampler
No autotune found, use input sampler_params
Training normalizing flow
Tuning global sampler:   0%|          | 0/400 [00:00<?, ?it/s]slurmstepd: error: *** JOB 5374512 ON gcn40 CANCELLED AT 2024-02-27T14:24:31 ***
slurmstepd: error: container_p_join: setns failed for /slurm/5374512/.ns: Invalid argument
slurmstepd: error: container_g_join(5374512): Invalid argument

JOB STATISTICS
==============
Job ID: 5374512
Cluster: snellius
User/Group: twouters2/twouters2
State: CANCELLED (exit code 0)
Nodes: 1
Cores per node: 18
CPU Utilized: 00:00:01
CPU Efficiency: 0.03% of 00:57:36 core-walltime
Job Wall-clock time: 00:03:12
Memory Utilized: 3.71 GB
Memory Efficiency: 14.86% of 25.00 GB
