Mon Feb 26 14:08:15 CET 2024
Directory created: /scratch-local/twouters2.5366449/data/
cp: cannot stat '/home/twouters2/jim_injections/real_events/data/GW170817//*': No such file or directory
[cuda(id=0)]
(13, 2)
Initializing heterodyned likelihood..
Finding reference parameters..
Using provided reference parameters
Constructing reference waveforms..
Running with n_bins  =  500
Using MALA as the local sampler
No autotune found, use input sampler_params
Training normalizing flow
Tuning global sampler:   0%|          | 0/2 [00:00<?, ?it/s]Tuning global sampler:  50%|█████     | 1/2 [02:49<02:49, 169.60s/it]Tuning global sampler: 100%|██████████| 2/2 [02:53<00:00, 72.39s/it] Tuning global sampler: 100%|██████████| 2/2 [02:53<00:00, 86.97s/it]
Compiling MALA body
Starting Production run
Production run:   0%|          | 0/2 [00:00<?, ?it/s]Production run:  50%|█████     | 1/2 [00:00<00:00,  1.05it/s]Production run: 100%|██████████| 2/2 [00:01<00:00,  1.08it/s]Production run: 100%|██████████| 2/2 [00:01<00:00,  1.07it/s]
Training summary
==========
M_c: 1.195 +/- 0.008
eta: 0.212 +/- 0.040
s1_z: 0.002 +/- 0.029
s2_z: -0.001 +/- 0.028
lambda_1: 2533.820 +/- 1437.900
lambda_2: 2559.346 +/- 1403.378
d_L: 59.791 +/- 13.067
t_c: 0.000 +/- 0.057
phase_c: 3.128 +/- 1.816
iota: 1.604 +/- 0.555
psi: 1.594 +/- 0.877
ra: 3.226 +/- 1.820
dec: 0.000 +/- 0.662
Log probability: -106.666 +/- 409.925
Local acceptance: 1.000 +/- 0.000
Global acceptance: 0.227 +/- 0.419
Max loss: 22.915, Min loss: 16.160
Production summary
==========
M_c: 1.195 +/- 0.007
eta: 0.209 +/- 0.042
s1_z: 0.001 +/- 0.029
s2_z: -0.002 +/- 0.028
lambda_1: 2468.047 +/- 1454.021
lambda_2: 2656.892 +/- 1390.866
d_L: 63.715 +/- 9.559
t_c: 0.002 +/- 0.050
phase_c: 3.231 +/- 1.805
iota: 1.605 +/- 0.409
psi: 1.628 +/- 0.886
ra: 3.209 +/- 1.817
dec: -0.034 +/- 0.655
Log probability: -6.009 +/- 19.115
Local acceptance: 1.000 +/- 0.000
Global acceptance: 0.021 +/- 0.142
Saving samples to ./outdir/results_training.npz
Saving the NF
Saving the jim hyperparameters
Error occurred saving jim hyperparameters, are all hyperparams JSON compatible?: Object of type function is not JSON serializable
Time taken: 253.83123779296875 seconds (4.230520629882813 minutes)
Saving runtime
Finished successfully!!!
Finally, moving the output file
DONE
